<?xml version="1.0" encoding="UTF-8"?>
<!-- Generated by org.testng.reporters.JUnitReportReporter -->
<testsuite hostname="user10" failures="0" tests="1" name="xmlcode" time="12.977" errors="0" timestamp="2024-09-02T14:13:11 EDT" skipped="0">
  <testcase classname="xmlcode" name="testFlightSearch" time="12.977"/>
</testsuite> <!-- xmlcode -->
