<?xml version="1.0" encoding="UTF-8"?>
<!-- Generated by org.testng.reporters.JUnitReportReporter -->
<testsuite hostname="user10" failures="0" tests="8" name="ParRunner" time="0.012" errors="0" timestamp="2024-09-01T21:15:55 EDT" skipped="0">
  <testcase classname="ParRunner" name="testGetLongestDuration" time="0.001"/>
  <testcase classname="ParRunner" name="testGetLongestDuration" time="0.001"/>
  <testcase classname="ParRunner" name="testGetCheapestPrice" time="0.001"/>
  <testcase classname="ParRunner" name="testGetLongestDuration" time="0.001"/>
  <testcase classname="ParRunner" name="testGetCheapestPrice" time="0.005"/>
  <testcase classname="ParRunner" name="testGetCheapestPrice" time="0.001"/>
  <testcase classname="ParRunner" name="testGetCheapestPrice" time="0.001"/>
  <testcase classname="ParRunner" name="testGetLongestDuration" time="0.001"/>
</testsuite> <!-- ParRunner -->
