<?xml version="1.0" encoding="UTF-8"?>
<!-- Generated by org.testng.reporters.JUnitReportReporter -->
<testsuite hostname="user10" failures="0" tests="2" name="xmlcode1" time="0.000" errors="2" timestamp="2024-09-01T21:18:43 EDT" skipped="0">
  <testcase classname="xmlcode1" name="testGetLongestDuration" time="0.000">
    <error message="
Method public void xmlcode1.testGetLongestDuration(java.lang.String,java.lang.String) requires a @DataProvider named : flightData in class ParRunner" type="org.testng.TestNGException">
      <![CDATA[org.testng.TestNGException: 
Method public void xmlcode1.testGetLongestDuration(java.lang.String,java.lang.String) requires a @DataProvider named : flightData in class ParRunner
at org.testng.internal.Parameters.findDataProvider(Parameters.java:526)
at org.testng.internal.Parameters.handleParameters(Parameters.java:763)
at org.testng.internal.Parameters.handleParameters(Parameters.java:728)
at org.testng.internal.invokers.ParameterHandler.handleParameters(ParameterHandler.java:72)
at org.testng.internal.invokers.ParameterHandler.createParameters(ParameterHandler.java:51)
at org.testng.internal.invokers.TestInvoker$MethodInvocationAgent.invoke(TestInvoker.java:911)
at org.testng.internal.invokers.TestInvoker.invokeTestMethods(TestInvoker.java:200)
at org.testng.internal.invokers.TestMethodWorker.invokeTestMethods(TestMethodWorker.java:148)
at org.testng.internal.invokers.TestMethodWorker.run(TestMethodWorker.java:128)
at java.base/java.util.concurrent.ThreadPoolExecutor.runWorker(ThreadPoolExecutor.java:1136)
at java.base/java.util.concurrent.ThreadPoolExecutor$Worker.run(ThreadPoolExecutor.java:635)
at java.base/java.lang.Thread.run(Thread.java:833)
]]>
    </error>
  </testcase> <!-- testGetLongestDuration -->
  <testcase classname="xmlcode1" name="testGetCheapestPrice" time="0.000">
    <error message="
Method public void xmlcode1.testGetCheapestPrice(java.lang.String,java.lang.String) requires a @DataProvider named : flightData in class ParRunner" type="org.testng.TestNGException">
      <![CDATA[org.testng.TestNGException: 
Method public void xmlcode1.testGetCheapestPrice(java.lang.String,java.lang.String) requires a @DataProvider named : flightData in class ParRunner
at org.testng.internal.Parameters.findDataProvider(Parameters.java:526)
at org.testng.internal.Parameters.handleParameters(Parameters.java:763)
at org.testng.internal.Parameters.handleParameters(Parameters.java:728)
at org.testng.internal.invokers.ParameterHandler.handleParameters(ParameterHandler.java:72)
at org.testng.internal.invokers.ParameterHandler.createParameters(ParameterHandler.java:51)
at org.testng.internal.invokers.TestInvoker$MethodInvocationAgent.invoke(TestInvoker.java:911)
at org.testng.internal.invokers.TestInvoker.invokeTestMethods(TestInvoker.java:200)
at org.testng.internal.invokers.TestMethodWorker.invokeTestMethods(TestMethodWorker.java:148)
at org.testng.internal.invokers.TestMethodWorker.run(TestMethodWorker.java:128)
at java.base/java.util.concurrent.ThreadPoolExecutor.runWorker(ThreadPoolExecutor.java:1136)
at java.base/java.util.concurrent.ThreadPoolExecutor$Worker.run(ThreadPoolExecutor.java:635)
at java.base/java.lang.Thread.run(Thread.java:833)
]]>
    </error>
  </testcase> <!-- testGetCheapestPrice -->
</testsuite> <!-- xmlcode1 -->
