<?xml version="1.0" encoding="UTF-8"?>
<!-- Generated by org.testng.reporters.JUnitReportReporter -->
<testsuite hostname="user10" failures="0" tests="4" name="RunnerClass.TestRunner" time="75.677" errors="0" timestamp="2024-09-02T13:45:16 EDT" skipped="0">
  <testcase classname="RunnerClass.TestRunner" name="runScenario" time="21.236"/>
  <testcase classname="RunnerClass.TestRunner" name="runScenario" time="22.845"/>
  <testcase classname="RunnerClass.TestRunner" name="runScenario" time="19.137"/>
  <testcase classname="RunnerClass.TestRunner" name="runScenario" time="12.459"/>
</testsuite> <!-- RunnerClass.TestRunner -->
