<?xml version="1.0" encoding="UTF-8"?>
<!-- Generated by org.testng.reporters.JUnitReportReporter -->
<testsuite hostname="user10" failures="0" tests="1" name="Assrtionfile" time="7.521" errors="0" timestamp="2024-09-02T14:13:11 EDT" skipped="0">
  <testcase classname="Assrtionfile" name="testFlightSearch" time="7.521"/>
</testsuite> <!-- Assrtionfile -->
